<?xml version="1.0" encoding="UTF-8"?>
<testsuite name="it.unisa.supermarket.ProductTest" tests="2" skipped="0" failures="0" errors="0" timestamp="2025-10-28T17:18:31.387Z" hostname="DESKTOP-1STDVRR" time="0.006">
  <properties/>
  <testcase name="putOnSale" classname="it.unisa.supermarket.ProductTest" time="0.001"/>
  <testcase name="checkOnSale" classname="it.unisa.supermarket.ProductTest" time="0.005"/>
  <system-out><![CDATA[]]></system-out>
  <system-err><![CDATA[]]></system-err>
</testsuite>
