<?xml version="1.0" encoding="UTF-8"?>
<testsuite name="it.unisa.financialhistory.FinancialHistoryTest" tests="5" skipped="0" failures="0" errors="0" timestamp="2025-11-27T21:10:30.979Z" hostname="DESKTOP-LPPBL0E" time="0.028">
  <properties/>
  <testcase name="totalSpentFor" classname="it.unisa.financialhistory.FinancialHistoryTest" time="0.025"/>
  <testcase name="totalReceivedFrom" classname="it.unisa.financialhistory.FinancialHistoryTest" time="0.001"/>
  <testcase name="receiveFromTest" classname="it.unisa.financialhistory.FinancialHistoryTest" time="0.0"/>
  <testcase name="createAccountWithNegativeBalanceTest" classname="it.unisa.financialhistory.FinancialHistoryTest" time="0.001"/>
  <testcase name="spendForTest" classname="it.unisa.financialhistory.FinancialHistoryTest" time="0.0"/>
  <system-out><![CDATA[]]></system-out>
  <system-err><![CDATA[]]></system-err>
</testsuite>
