<?xml version="1.0" encoding="UTF-8"?>
<testsuite name="it.unisa.student.StudentTest" tests="4" skipped="0" failures="0" errors="0" timestamp="2025-11-12T12:44:02.461Z" hostname="DESKTOP-LPPBL0E" time="0.021">
  <properties/>
  <testcase name="newStudentTest" classname="it.unisa.student.StudentTest" time="0.012"/>
  <testcase name="studentsOrderTest" classname="it.unisa.student.StudentTest" time="0.0"/>
  <testcase name="twoExamTest" classname="it.unisa.student.StudentTest" time="0.008"/>
  <testcase name="oneExamTest" classname="it.unisa.student.StudentTest" time="0.0"/>
  <system-out><![CDATA[]]></system-out>
  <system-err><![CDATA[]]></system-err>
</testsuite>
