<?xml version="1.0" encoding="UTF-8"?>
<testsuite name="it.unisa.phonecompany.PhoneCompanyTest" tests="3" skipped="0" failures="0" errors="0" timestamp="2025-12-01T17:38:32.076Z" hostname="DESKTOP-1STDVRR" time="0.027">
  <properties/>
  <testcase name="testSolution" classname="it.unisa.phonecompany.PhoneCompanyTest" time="0.008"/>
  <testcase name="writeUserDataToFileTest" classname="it.unisa.phonecompany.PhoneCompanyTest" time="0.012"/>
  <testcase name="writeSerializedDataToFileTest" classname="it.unisa.phonecompany.PhoneCompanyTest" time="0.007"/>
  <system-out><![CDATA[]]></system-out>
  <system-err><![CDATA[]]></system-err>
</testsuite>
