<?xml version="1.0" encoding="UTF-8"?>
<testsuite name="it.unisa.school.StudentTest" tests="5" skipped="0" failures="0" errors="0" timestamp="2025-11-27T20:55:00.969Z" hostname="DESKTOP-LPPBL0E" time="0.025">
  <properties/>
  <testcase name="emptyStudentIdTest" classname="it.unisa.school.StudentTest" time="0.01"/>
  <testcase name="toStringTest" classname="it.unisa.school.StudentTest" time="0.012"/>
  <testcase name="getAverageGradeTest" classname="it.unisa.school.StudentTest" time="0.0"/>
  <testcase name="addExamTest" classname="it.unisa.school.StudentTest" time="0.0"/>
  <testcase name="addInvalidGradeTest" classname="it.unisa.school.StudentTest" time="0.0"/>
  <system-out><![CDATA[]]></system-out>
  <system-err><![CDATA[]]></system-err>
</testsuite>
