<?xml version="1.0" encoding="UTF-8"?>
<testsuite name="it.unisa.bank.BankTest" tests="9" skipped="0" failures="0" errors="0" timestamp="2025-11-27T20:03:56.711Z" hostname="DESKTOP-LPPBL0E" time="0.012">
  <properties/>
  <testcase name="transferTest" classname="it.unisa.bank.BankTest" time="0.006"/>
  <testcase name="findAccountTest" classname="it.unisa.bank.BankTest" time="0.0"/>
  <testcase name="setAndGetInterestsTest" classname="it.unisa.bank.BankTest" time="0.0"/>
  <testcase name="interestComputationTest" classname="it.unisa.bank.BankTest" time="0.0"/>
  <testcase name="depositWithNegativeAmountTest" classname="it.unisa.bank.BankTest" time="0.0"/>
  <testcase name="depositTest" classname="it.unisa.bank.BankTest" time="0.001"/>
  <testcase name="withdrawWithAmountHigherThanBalanceTest" classname="it.unisa.bank.BankTest" time="0.0"/>
  <testcase name="bankAccountWithNegativeBalanceTest" classname="it.unisa.bank.BankTest" time="0.001"/>
  <testcase name="withdrawTest" classname="it.unisa.bank.BankTest" time="0.0"/>
  <system-out><![CDATA[]]></system-out>
  <system-err><![CDATA[]]></system-err>
</testsuite>
